<?xml version="1.0" encoding="UTF-8"?>
<testng-results skipped="0" failed="1" total="10" passed="9">
  <reporter-output>
  </reporter-output>
  <suite name="Default suite" duration-ms="5478" started-at="2018-04-25T21:35:23Z" finished-at="2018-04-25T21:35:28Z">
    <groups>
    </groups>
    <test name="Default test" duration-ms="5478" started-at="2018-04-25T21:35:23Z" finished-at="2018-04-25T21:35:28Z">
      <class name="restAssured.SimpleGetTest">
        <test-method status="PASS" signature="DisplayAllNodesInWeatherAPI()[pri:0, instance:restAssured.SimpleGetTest@69d9c55]" name="DisplayAllNodesInWeatherAPI" duration-ms="1808" started-at="2018-04-25T21:35:23Z" finished-at="2018-04-25T21:35:24Z">
        </test-method>
        <test-method status="PASS" signature="GetWeatherDetails()[pri:0, instance:restAssured.SimpleGetTest@69d9c55]" name="GetWeatherDetails" duration-ms="391" started-at="2018-04-25T21:35:24Z" finished-at="2018-04-25T21:35:25Z">
        </test-method>
        <test-method status="PASS" signature="GetWeatherDetailsInvalidCity()[pri:0, instance:restAssured.SimpleGetTest@69d9c55]" name="GetWeatherDetailsInvalidCity" duration-ms="432" started-at="2018-04-25T21:35:25Z" finished-at="2018-04-25T21:35:25Z">
        </test-method>
        <test-method status="PASS" signature="GetWeatherDetailsStatusCode()[pri:0, instance:restAssured.SimpleGetTest@69d9c55]" name="GetWeatherDetailsStatusCode" duration-ms="406" started-at="2018-04-25T21:35:25Z" finished-at="2018-04-25T21:35:26Z">
        </test-method>
        <test-method status="PASS" signature="GetWeatherHeaders()[pri:0, instance:restAssured.SimpleGetTest@69d9c55]" name="GetWeatherHeaders" duration-ms="400" started-at="2018-04-25T21:35:26Z" finished-at="2018-04-25T21:35:26Z">
        </test-method>
        <test-method status="PASS" signature="GetWeatherStatusLine()[pri:0, instance:restAssured.SimpleGetTest@69d9c55]" name="GetWeatherStatusLine" duration-ms="401" started-at="2018-04-25T21:35:26Z" finished-at="2018-04-25T21:35:26Z">
        </test-method>
        <test-method status="PASS" signature="IteratingOverHeaders()[pri:0, instance:restAssured.SimpleGetTest@69d9c55]" name="IteratingOverHeaders" duration-ms="406" started-at="2018-04-25T21:35:26Z" finished-at="2018-04-25T21:35:27Z">
        </test-method>
        <test-method status="FAIL" signature="VerifyCityInJsonResponse()[pri:0, instance:restAssured.SimpleGetTest@69d9c55]" name="VerifyCityInJsonResponse" duration-ms="405" started-at="2018-04-25T21:35:27Z" finished-at="2018-04-25T21:35:27Z">
          <exception class="java.lang.AssertionError">
            <message>
              <![CDATA[Correct city name received in the Response expected:<Hyderabad> but was:<41 Percent>]]>
            </message>
            <full-stacktrace>
              <![CDATA[java.lang.AssertionError: Correct city name received in the Response expected:<Hyderabad> but was:<41 Percent>
	at org.testng.Assert.fail(Assert.java:89)
	at org.testng.Assert.failNotEquals(Assert.java:489)
	at org.testng.Assert.assertEquals(Assert.java:118)
	at org.testng.Assert.assertEquals(Assert.java:171)
	at restAssured.SimpleGetTest.VerifyCityInJsonResponse(SimpleGetTest.java:175)
	at sun.reflect.NativeMethodAccessorImpl.invoke0(Native Method)
	at sun.reflect.NativeMethodAccessorImpl.invoke(NativeMethodAccessorImpl.java:62)
	at sun.reflect.DelegatingMethodAccessorImpl.invoke(DelegatingMethodAccessorImpl.java:43)
	at java.lang.reflect.Method.invoke(Method.java:498)
	at org.testng.internal.MethodInvocationHelper.invokeMethod(MethodInvocationHelper.java:80)
	at org.testng.internal.Invoker.invokeMethod(Invoker.java:691)
	at org.testng.internal.Invoker.invokeTestMethod(Invoker.java:883)
	at org.testng.internal.Invoker.invokeTestMethods(Invoker.java:1208)
	at org.testng.internal.TestMethodWorker.invokeTestMethods(TestMethodWorker.java:127)
	at org.testng.internal.TestMethodWorker.run(TestMethodWorker.java:111)
	at org.testng.TestRunner.privateRun(TestRunner.java:758)
	at org.testng.TestRunner.run(TestRunner.java:613)
	at org.testng.SuiteRunner.runTest(SuiteRunner.java:334)
	at org.testng.SuiteRunner.runSequentially(SuiteRunner.java:329)
	at org.testng.SuiteRunner.privateRun(SuiteRunner.java:291)
	at org.testng.SuiteRunner.run(SuiteRunner.java:240)
	at org.testng.SuiteRunnerWorker.runSuite(SuiteRunnerWorker.java:53)
	at org.testng.SuiteRunnerWorker.run(SuiteRunnerWorker.java:87)
	at org.testng.TestNG.runSuitesSequentially(TestNG.java:1137)
	at org.testng.TestNG.runSuitesLocally(TestNG.java:1062)
	at org.testng.TestNG.run(TestNG.java:974)
	at org.testng.remote.AbstractRemoteTestNG.run(AbstractRemoteTestNG.java:114)
	at org.testng.remote.RemoteTestNG.initAndRun(RemoteTestNG.java:251)
	at org.testng.remote.RemoteTestNG.main(RemoteTestNG.java:77)
]]>
            </full-stacktrace>
          </exception>
        </test-method>
        <test-method status="PASS" signature="WeatherMessageBody()[pri:0, instance:restAssured.SimpleGetTest@69d9c55]" name="WeatherMessageBody" duration-ms="409" started-at="2018-04-25T21:35:27Z" finished-at="2018-04-25T21:35:28Z">
        </test-method>
        <test-method status="PASS" signature="testWeatherHeaders()[pri:0, instance:restAssured.SimpleGetTest@69d9c55]" name="testWeatherHeaders" duration-ms="397" started-at="2018-04-25T21:35:28Z" finished-at="2018-04-25T21:35:28Z">
        </test-method>
      </class>
    </test>
  </suite>
</testng-results>
