<?xml version="1.0" encoding="UTF-8"?>
<!-- Generated by org.testng.reporters.JUnitReportReporter -->
<testsuite hostname="TMX0393" name="restAssured.SimpleGetTest" tests="10" failures="0" timestamp="26 Apr 2018 04:35:29 GMT" time="5.455" errors="1">
  <testcase name="GetWeatherDetailsStatusCode" time="0.406" classname="restAssured.SimpleGetTest"/>
  <testcase name="GetWeatherStatusLine" time="0.401" classname="restAssured.SimpleGetTest"/>
  <testcase name="testWeatherHeaders" time="0.397" classname="restAssured.SimpleGetTest"/>
  <testcase name="DisplayAllNodesInWeatherAPI" time="1.808" classname="restAssured.SimpleGetTest"/>
  <testcase name="IteratingOverHeaders" time="0.406" classname="restAssured.SimpleGetTest"/>
  <testcase name="GetWeatherHeaders" time="0.400" classname="restAssured.SimpleGetTest"/>
  <testcase name="VerifyCityInJsonResponse" time="0.405" classname="restAssured.SimpleGetTest">
    <error type="java.lang.AssertionError" message="Correct city name received in the Response expected:&lt;Hyderabad&gt; but was:&lt;41 Percent&gt;">
      <![CDATA[java.lang.AssertionError: Correct city name received in the Response expected:<Hyderabad> but was:<41 Percent>
	at org.testng.Assert.fail(Assert.java:89)
	at org.testng.Assert.failNotEquals(Assert.java:489)
	at org.testng.Assert.assertEquals(Assert.java:118)
	at org.testng.Assert.assertEquals(Assert.java:171)
	at restAssured.SimpleGetTest.VerifyCityInJsonResponse(SimpleGetTest.java:175)
	at sun.reflect.NativeMethodAccessorImpl.invoke0(Native Method)
	at sun.reflect.NativeMethodAccessorImpl.invoke(NativeMethodAccessorImpl.java:62)
	at sun.reflect.DelegatingMethodAccessorImpl.invoke(DelegatingMethodAccessorImpl.java:43)
	at java.lang.reflect.Method.invoke(Method.java:498)
	at org.testng.internal.MethodInvocationHelper.invokeMethod(MethodInvocationHelper.java:80)
	at org.testng.internal.Invoker.invokeMethod(Invoker.java:691)
	at org.testng.internal.Invoker.invokeTestMethod(Invoker.java:883)
	at org.testng.internal.Invoker.invokeTestMethods(Invoker.java:1208)
	at org.testng.internal.TestMethodWorker.invokeTestMethods(TestMethodWorker.java:127)
	at org.testng.internal.TestMethodWorker.run(TestMethodWorker.java:111)
	at org.testng.TestRunner.privateRun(TestRunner.java:758)
	at org.testng.TestRunner.run(TestRunner.java:613)
	at org.testng.SuiteRunner.runTest(SuiteRunner.java:334)
	at org.testng.SuiteRunner.runSequentially(SuiteRunner.java:329)
	at org.testng.SuiteRunner.privateRun(SuiteRunner.java:291)
	at org.testng.SuiteRunner.run(SuiteRunner.java:240)
	at org.testng.SuiteRunnerWorker.runSuite(SuiteRunnerWorker.java:53)
	at org.testng.SuiteRunnerWorker.run(SuiteRunnerWorker.java:87)
	at org.testng.TestNG.runSuitesSequentially(TestNG.java:1137)
	at org.testng.TestNG.runSuitesLocally(TestNG.java:1062)
	at org.testng.TestNG.run(TestNG.java:974)
	at org.testng.remote.AbstractRemoteTestNG.run(AbstractRemoteTestNG.java:114)
	at org.testng.remote.RemoteTestNG.initAndRun(RemoteTestNG.java:251)
	at org.testng.remote.RemoteTestNG.main(RemoteTestNG.java:77)
]]>
    </error>
  </testcase>
  <testcase name="WeatherMessageBody" time="0.409" classname="restAssured.SimpleGetTest"/>
  <testcase name="GetWeatherDetailsInvalidCity" time="0.432" classname="restAssured.SimpleGetTest"/>
  <testcase name="GetWeatherDetails" time="0.391" classname="restAssured.SimpleGetTest"/>
</testsuite>
